<?xml version="1.0" encoding="UTF-8"?>
<!-- Generated by org.testng.reporters.JUnitReportReporter -->
<testsuite skipped="0" hostname="DESKTOP-UPSQUGU" name="com.jakartalabs.fullstack_answer.TestAPI" tests="4" failures="0" timestamp="2021-04-11T16:01:36 ICT" time="9.504" errors="0">
  <testcase name="testRegisterAPI" time="5.150" classname="com.jakartalabs.fullstack_answer.TestAPI"/>
  <system-out/>
  <testcase name="testChangeCurrencyAPI" time="1.700" classname="com.jakartalabs.fullstack_answer.TestAPI"/>
  <system-out/>
  <testcase name="testCheckProfileAPI" time="1.362" classname="com.jakartalabs.fullstack_answer.TestAPI"/>
  <system-out/>
  <testcase name="testLogoutAPI" time="1.292" classname="com.jakartalabs.fullstack_answer.TestAPI"/>
  <system-out/>
</testsuite> <!-- com.jakartalabs.fullstack_answer.TestAPI -->
