<?xml version="1.0" encoding="UTF-8"?>
<!-- Generated by org.testng.reporters.JUnitReportReporter -->
<testsuite skipped="0" hostname="DESKTOP-UPSQUGU" name="com.jakartalabs.fullstack_answer.TestAPI" tests="4" failures="0" timestamp="2021-04-11T16:36:18 ICT" time="9.510" errors="0">
  <testcase name="testRegisterAPI" time="5.010" classname="com.jakartalabs.fullstack_answer.TestAPI"/>
  <system-out/>
  <testcase name="testChangeCurrencyAPI" time="1.753" classname="com.jakartalabs.fullstack_answer.TestAPI"/>
  <system-out/>
  <testcase name="testCheckProfileAPI" time="1.426" classname="com.jakartalabs.fullstack_answer.TestAPI"/>
  <system-out/>
  <testcase name="testLogoutAPI" time="1.321" classname="com.jakartalabs.fullstack_answer.TestAPI"/>
  <system-out/>
</testsuite> <!-- com.jakartalabs.fullstack_answer.TestAPI -->
