<?xml version="1.0" encoding="UTF-8"?>
<!-- Generated by org.testng.reporters.JUnitReportReporter -->
<testsuite skipped="0" hostname="DESKTOP-UPSQUGU" name="com.jakartalabs.fullstack_answer.TestAPI" tests="4" failures="0" timestamp="2021-04-11T13:31:24 ICT" time="8.600" errors="0">
  <testcase name="testRegisterAPI" time="4.199" classname="com.jakartalabs.fullstack_answer.TestAPI"/>
  <system-out/>
  <testcase name="testChangeCurrencyAPI" time="1.684" classname="com.jakartalabs.fullstack_answer.TestAPI"/>
  <system-out/>
  <testcase name="testCheckProfileAPI" time="1.402" classname="com.jakartalabs.fullstack_answer.TestAPI"/>
  <system-out/>
  <testcase name="testLogoutAPI" time="1.315" classname="com.jakartalabs.fullstack_answer.TestAPI"/>
  <system-out/>
</testsuite> <!-- com.jakartalabs.fullstack_answer.TestAPI -->
